# 
# Steps log generated by v++
# This log file contains a collection of steps that describe the kernel compilation flow
# Note: Some steps are tagged as internal, these steps are for debugging purposes and 
#       are not expected to be able to run independently.
# 

# The following environment variables are set when running v++
Environment variables :
------------------------------------------
RT_TCL_PATH=/opt/Xilinx/Vitis/2020.2/scripts/rt/base_tcl/tcl
LD_LIBRARY_PATH=/opt/Xilinx/Vitis/2020.2/lib/lnx64.o/Ubuntu/18:/opt/Xilinx/Vitis/2020.2/lib/lnx64.o/Ubuntu:/opt/Xilinx/Vitis/2020.2/lib/lnx64.o:/opt/Xilinx/Vitis/2020.2/lib/lnx64.o/Ubuntu/18:/opt/Xilinx/Vitis/2020.2/lib/lnx64.o/Ubuntu:/opt/Xilinx/Vitis/2020.2/lib/lnx64.o:/opt/xilinx/xrt/lib::/opt/Xilinx/Vitis/2020.2/bin/../lnx64/tools/dot/lib
XILINX_VITIS=/opt/Xilinx/Vitis/2020.2
LC_MEASUREMENT=en_DK.UTF-8
SSH_CONNECTION=129.132.186.91 56776 10.1.212.110 22
LC_PAPER=en_DK.UTF-8
XILINX_DSP=
RDI_PATCHROOT=
RT_LIBPATH=/opt/Xilinx/Vitis/2020.2/scripts/rt/data
LANG=C.UTF-8
RDI_INSTALLROOT=/opt/Xilinx
OLDPWD=/opt/Xilinx/Vitis/2020.2/bin
RDI_PREPEND_PATH=/opt/Xilinx/Vitis/2020.2/bin
MAKE_TERMOUT=/dev/pts/28
MFLAGS=-s
XILINX_XRT=/opt/xilinx/xrt
XILINX_VIVADO=/opt/Xilinx/Vivado/2020.2
XILINX_SDK=/opt/Xilinx/Vitis/2020.2
XILINX_PLANAHEAD=/opt/Xilinx/Vitis/2020.2
USER=jscheerer
XILINXD_LICENSE_FILE=/opt/Xilinx/Xilinx.lic
LC_COLLATE=C
RDI_BASEROOT=/opt/Xilinx/Vitis
RDI_INSTALLVER=2020.2
RDI_JAVA_VERSION=9.0.4
PWD=/home/jscheerer/matrix-profile-hls/build_sw
XILINX_HLS=/opt/Xilinx/Vitis_HLS/2020.2
HOME=/home/jscheerer
LC_CTYPE=C.UTF-8
LC_TERMINAL=iTerm2
SSH_CLIENT=129.132.186.91 56776 22
XCL_EMULATION_MODE=sw_emu
TCL_LIBRARY=/opt/Xilinx/Vitis/2020.2/tps/tcl/tcl8.5
XIL_CHECK_TCL_DEBUG=False
XILINX_VIVADO_HLS=/opt/Xilinx/Vivado/2020.2
KRB5CCNAME=FILE:/tmp/krb5cc_547207_pruOGx
LC_TERMINAL_VERSION=3.4.8
RDI_APPROOT=/opt/Xilinx/Vitis/2020.2
_RDI_DONT_SET_XILINX_AS_PATH=True
MYVIVADO=
RDI_TPS_ROOT=/opt/Xilinx/Vivado/2020.2/tps/lnx64
RDI_BUILD=yes
ISL_IOSTREAMS_RSA=/opt/Xilinx/Vitis/2020.2/tps/isl
LIBRARY_PATH=/usr/lib/x86_64-linux-gnu
RDI_PLATFORM=lnx64
RDI_BINROOT=/opt/Xilinx/Vitis/2020.2/bin
RDI_PROG=/opt/Xilinx/Vitis/2020.2/bin/unwrapped/lnx64.o/v++
HDIPRELDPATH=/opt/Xilinx/Vitis/2020.2/lib/lnx64.o/Ubuntu/18:/opt/Xilinx/Vitis/2020.2/lib/lnx64.o/Ubuntu:/opt/Xilinx/Vitis/2020.2/lib/lnx64.o:/opt/xilinx/xrt/lib::/opt/Xilinx/Vitis/2020.2/bin/../lnx64/tools/dot/lib
RDI_DATADIR=/opt/Xilinx/Vitis/2020.2/data
SYNTH_COMMON=/opt/Xilinx/Vitis/2020.2/scripts/rt/data
SSH_TTY=/dev/pts/28
MAIL=/var/mail/jscheerer
TERM=xterm-256color
SHELL=/bin/bash
MAKELEVEL=4
HDI_APPROOT=/opt/Xilinx/Vitis/2020.2
SHLVL=3
PYTHONPATH=/opt/xilinx/xrt/python:
MAKE_TERMERR=/dev/pts/28
XIL_NO_OVERRIDE=0
RDI_OPT_EXT=.o
LOGNAME=jscheerer
XIL_SUPPRESS_OVERRIDE_WARNINGS=1
PATH=/opt/Xilinx/Vivado/2020.2/tps/lnx64/binutils-2.26/bin:/opt/Xilinx/Vitis/2020.2/bin/../gnu/aarch64/lin/aarch64-linux/bin:/opt/Xilinx/Vitis/2020.2/bin/../gnu/ppc64le/4.9.3/lnx64/bin:/opt/Xilinx/Vitis/2020.2/bin/../gnu/aarch32/lin/gcc-arm-linux-gnueabi/bin:/opt/Xilinx/Vivado/2020.2/tps/lnx64/gcc-6.2.0/bin:/opt/Xilinx/Vivado/2020.2/gnu/microblaze/lin/bin:/opt/Xilinx/Vitis/2020.2/bin:/opt/Xilinx/Vivado/2020.2/bin:/opt/xilinx/xrt/bin:/opt/Xilinx/Vitis_HLS/2020.2/bin:/opt/Xilinx/Model_Composer/2020.2/bin:/opt/Xilinx/Vitis/2020.2/gnu/microblaze/lin/bin:/opt/Xilinx/Vitis/2020.2/gnu/arm/lin/bin:/opt/Xilinx/Vitis/2020.2/gnu/microblaze/linux_toolchain/lin64_le/bin:/opt/Xilinx/Vitis/2020.2/gnu/aarch32/lin/gcc-arm-linux-gnueabi/bin:/opt/Xilinx/Vitis/2020.2/gnu/aarch32/lin/gcc-arm-none-eabi/bin:/opt/Xilinx/Vitis/2020.2/gnu/aarch64/lin/aarch64-linux/bin:/opt/Xilinx/Vitis/2020.2/gnu/aarch64/lin/aarch64-none/bin:/opt/Xilinx/Vitis/2020.2/gnu/armr5/lin/gcc-arm-none-eabi/bin:/opt/Xilinx/Vitis/2020.2/tps/lnx64/cmake-3.3.2/bin:/opt/Xilinx/Vitis/2020.2/aietools/bin:/opt/Xilinx/DocNav:/usr/local/sbin:/usr/local/bin:/usr/sbin:/usr/bin:/sbin:/bin:/opt/spark/bin:/opt/spark/sbin:/home/jscheerer/bin
RDI_JAVA_PLATFORM=
MAKEFLAGS=s
HDI_PROCESSOR=x86_64
RDI_LIBDIR=/opt/Xilinx/Vitis/2020.2/lib/lnx64.o/Ubuntu/18:/opt/Xilinx/Vitis/2020.2/lib/lnx64.o/Ubuntu:/opt/Xilinx/Vitis/2020.2/lib/lnx64.o
LC_TIME=en_DK.UTF-8
_=/opt/Xilinx/Vitis/2020.2/bin/unwrapped/lnx64.o/v++
XILINX_CD_CONNECT_ID=33259
XILINX_CD_SESSION=3d547b37-1efe-403c-a4de-21064dc76359
XILINX_RS_PORT=32777
XILINX_RS_SESSION=9931942b-e279-49ba-a8ca-06bfb684f4b1


V++ command line:
------------------------------------------
/opt/Xilinx/Vitis/2020.2/bin/unwrapped/lnx64.o/v++ --target sw_emu --compile -I/home/jscheerer/matrix-profile-hls/build_sw -I/home/jscheerer/matrix-profile-hls/kernel --config /home/jscheerer/matrix-profile-hls/build_sw/config/common-config.cfg --config /home/jscheerer/matrix-profile-hls/build_sw/config/compile-config.cfg -I/home/jscheerer/matrix-profile-hls/include -O3 -o/home/jscheerer/matrix-profile-hls/build_sw/MatrixProfileKernelTLF.xo /home/jscheerer/matrix-profile-hls/kernel/MatrixProfileKernelStreamless.cpp 

FINAL PROGRAM OPTIONS
--advanced.misc solution_name=MatrixProfileKernelTLF
--compile
--config /home/jscheerer/matrix-profile-hls/build_sw/config/common-config.cfg
--config /home/jscheerer/matrix-profile-hls/build_sw/config/compile-config.cfg
--debug
--include /home/jscheerer/matrix-profile-hls/build_sw
--include /home/jscheerer/matrix-profile-hls/kernel
--include /home/jscheerer/matrix-profile-hls/include
--input_files /home/jscheerer/matrix-profile-hls/kernel/MatrixProfileKernelStreamless.cpp
--kernel MatrixProfileKernelTLF
--log_dir MatrixProfileKernel.build/logs
--messageDb MatrixProfileKernel.build/MatrixProfileKernelTLF.mdb
--optimize 3
--output /home/jscheerer/matrix-profile-hls/build_sw/MatrixProfileKernelTLF.xo
--platform xilinx_u250_gen3x16_xdma_3_1_202020_1
--report_dir MatrixProfileKernel.build/reports
--report_level 0
--save-temps
--target sw_emu
--temp_dir MatrixProfileKernel.build

PARSED COMMAND LINE OPTIONS
--target sw_emu 
--compile 
-I/home/jscheerer/matrix-profile-hls/build_sw 
-I/home/jscheerer/matrix-profile-hls/kernel 
--config /home/jscheerer/matrix-profile-hls/build_sw/config/common-config.cfg 
--config /home/jscheerer/matrix-profile-hls/build_sw/config/compile-config.cfg 
-I/home/jscheerer/matrix-profile-hls/include 
-O3 
-o/home/jscheerer/matrix-profile-hls/build_sw/MatrixProfileKernelTLF.xo 
/home/jscheerer/matrix-profile-hls/kernel/MatrixProfileKernelStreamless.cpp 

PARSED CONFIG FILE (1) OPTIONS
file: /home/jscheerer/matrix-profile-hls/build_sw/config/common-config.cfg
platform xilinx_u250_gen3x16_xdma_3_1_202020_1 
save-temps 1 

PARSED CONFIG FILE (2) OPTIONS
file: /home/jscheerer/matrix-profile-hls/build_sw/config/compile-config.cfg
kernel MatrixProfileKernelTLF 
debug 1 
messageDb MatrixProfileKernel.build/MatrixProfileKernelTLF.mdb 
temp_dir MatrixProfileKernel.build 
report_dir MatrixProfileKernel.build/reports 
log_dir MatrixProfileKernel.build/logs 
advanced.misc solution_name=MatrixProfileKernelTLF 

EXPANDED PARAMETERS
From application of optMap.xml: 
 --xp "vivado_prop:run.__KERNEL__.{STEPS.SYNTH_DESIGN.ARGS.MORE OPTIONS}={-directive sdx_optimization_effort_high}" --xp "vivado_prop:run.impl_1.{STEPS.PLACE_DESIGN.ARGS.MORE OPTIONS}={-retiming}" --xp vivado_prop:run.impl_1.STEPS.PHYS_OPT_DESIGN.IS_ENABLED=true --xp vivado_prop:run.impl_1.STEPS.POST_ROUTE_PHYS_OPT_DESIGN.IS_ENABLED=true --xp "misc:report=type report_timing_summary name impl_report_timing_summary_route_design_summary steps {route_design} runs {impl_1} options {-max_paths 10}" --xp "misc:report=type report_timing_summary name impl_report_timing_summary_post_route_phys_opt_design_summary steps {post_route_phys_opt_design} runs {impl_1} options {-max_paths 10}"


FINAL PLATFORM PATH
/opt/xilinx/platforms/xilinx_u250_gen3x16_xdma_3_1_202020_1/xilinx_u250_gen3x16_xdma_3_1_202020_1.xpfm

==========================================
new:  steps log generated by v++ for new launch 
timestamp: 19 Jul 2021 17:48:56
------------------------------------------
step: performing high-level synthesis for kernel:MatrixProfileKernelTLF
timestamp: 19 Jul 2021 17:49:15
launch dir: /home/jscheerer/matrix-profile-hls/build_sw/MatrixProfileKernel.build/MatrixProfileKernelTLF/MatrixProfileKernelTLF
cmd: vitis_hls -f /home/jscheerer/matrix-profile-hls/build_sw/MatrixProfileKernel.build/MatrixProfileKernelTLF/MatrixProfileKernelTLF/MatrixProfileKernelTLF.tcl -messageDb vitis_hls.pb
V++ internal step status: success
------------------------------------------
V++ internal step: generating system estimate report file
timestamp: 19 Jul 2021 17:49:15
output: /home/jscheerer/matrix-profile-hls/build_sw/MatrixProfileKernel.build/reports/MatrixProfileKernelTLF/system_estimate_MatrixProfileKernelTLF.xtxt
V++ internal step status: success
------------------------------------------
system estimate report task completed
timestamp: 19 Jul 2021 17:49:15
