XRT Build Version: 2.9.317 (2020.2_PU1)
       Build Date: 2021-03-13 05:10:45
          Hash ID: b0230e59e22351fb957dc46a6e68d7560e5f630c
Creating a default 'in-memory' xclbin image.

Section: 'BITSTREAM'(0) was successfully added.
Size   : 577616 bytes
Format : RAW
File   : '/home/jscheerer/matrix-profile-hls/build_sw/MatrixProfileKernel.build/link/int/MatrixProfileKernel.so'
WARNING: Skipping CLOCK_FREQ_TOPOLOGY section for count size is zero.
WARNING: Section 'CLOCK_FREQ_TOPOLOGY' content is empty.  No data in the given JSON file.

Section: 'CLOCK_FREQ_TOPOLOGY'(11) was empty.  No action taken.
Format : JSON
File   : '/home/jscheerer/matrix-profile-hls/build_sw/MatrixProfileKernel.build/link/int/MatrixProfileKernel_xml.rtd'

Section: 'BUILD_METADATA'(14) was successfully added.
Size   : 3156 bytes
Format : JSON
File   : '/home/jscheerer/matrix-profile-hls/build_sw/MatrixProfileKernel.build/link/int/MatrixProfileKernel_build.rtd'

Section: 'EMBEDDED_METADATA'(2) was successfully added.
Size   : 2805 bytes
Format : RAW
File   : '/home/jscheerer/matrix-profile-hls/build_sw/MatrixProfileKernel.build/link/int/MatrixProfileKernel.xml'

Section: 'DEBUG_DATA'(4) was successfully added.
Size   : 0 bytes
Format : RAW
File   : '/dev/null'
Successfully wrote (588586 bytes) to the output file: /home/jscheerer/matrix-profile-hls/build_sw/MatrixProfileKernel.xclbin
Leaving xclbinutil.
